{"numTotalTestSuites":2,"numPassedTestSuites":0,"numFailedTestSuites":2,"numPendingTestSuites":0,"numTotalTests":12,"numPassedTests":9,"numFailedTests":3,"numPendingTests":0,"numTodoTests":0,"snapshot":{"added":0,"failure":false,"filesAdded":0,"filesRemoved":0,"filesRemovedList":[],"filesUnmatched":0,"filesUpdated":0,"matched":0,"total":0,"unchecked":0,"uncheckedKeysByFile":[],"unmatched":0,"updated":0,"didUpdate":false},"startTime":1775610303885,"success":false,"testResults":[{"assertionResults":[{"ancestorTitles":["VolumeCard"],"fullName":"VolumeCard should render the title","status":"passed","title":"should render the title","duration":138.10519999999997,"failureMessages":[],"meta":{},"tags":[]},{"ancestorTitles":["VolumeCard"],"fullName":"VolumeCard should display the current volume","status":"failed","title":"should display the current volume","duration":22.18859999999995,"failureMessages":["TestingLibraryElementError: Found multiple elements with the text: 45\n\nHere are the matching elements:\n\nIgnored nodes: comments, script, style\n\u001b[36m<h3\u001b[39m\n  \u001b[33mclass\u001b[39m=\u001b[32m\"MuiTypography-root MuiTypography-h3 css-fcz69k-MuiTypography-root\"\u001b[39m\n\u001b[36m>\u001b[39m\n  \u001b[0m45\u001b[0m\n\u001b[36m</h3>\u001b[39m\n\nIgnored nodes: comments, script, style\n\u001b[36m<span\u001b[39m\n  \u001b[33mclass\u001b[39m=\u001b[32m\"MuiSlider-valueLabelLabel\"\u001b[39m\n\u001b[36m>\u001b[39m\n  \u001b[0m45\u001b[0m\n\u001b[36m</span>\u001b[39m\n\n(If this is intentional, then use the `*AllBy*` variant of the query (like `queryAllByText`, `getAllByText`, or `findAllByText`)).\n\nIgnored nodes: comments, script, style\n\u001b[36m<body>\u001b[39m\n  \u001b[36m<div>\u001b[39m\n    \u001b[36m<div\u001b[39m\n      \u001b[33mclass\u001b[39m=\u001b[32m\"MuiPaper-root MuiPaper-elevation MuiPaper-rounded MuiPaper-elevation1 MuiCard-root css-g2g4q8-MuiPaper-root-MuiCard-root\"\u001b[39m\n      \u001b[33mstyle\u001b[39m=\u001b[32m\"--Paper-shadow: 0px 2px 1px -1px rgba(0,0,0,0.2),0px 1px 1px 0px rgba(0,0,0,0.14),0px 1px 3px 0px rgba(0,0,0,0.12); --Paper-overlay: linear-gradient(rgba(255, 255, 255, 0.051), rgba(255, 255, 255, 0.051));\"\u001b[39m\n    \u001b[36m>\u001b[39m\n      \u001b[36m<div\u001b[39m\n        \u001b[33mclass\u001b[39m=\u001b[32m\"MuiCardContent-root css-puupk7-MuiCardContent-root\"\u001b[39m\n      \u001b[36m>\u001b[39m\n        \u001b[36m<div\u001b[39m\n          \u001b[33mclass\u001b[39m=\u001b[32m\"MuiBox-root css-mbx0dj\"\u001b[39m\n        \u001b[36m>\u001b[39m\n          \u001b[36m<h6\u001b[39m\n            \u001b[33mclass\u001b[39m=\u001b[32m\"MuiTypography-root MuiTypography-h6 css-1gp87qs-MuiTypography-root\"\u001b[39m\n          \u001b[36m>\u001b[39m\n            \u001b[36m<svg\u001b[39m\n              \u001b[33maria-hidden\u001b[39m=\u001b[32m\"true\"\u001b[39m\n              \u001b[33mclass\u001b[39m=\u001b[32m\"MuiSvgIcon-root MuiSvgIcon-fontSizeMedium css-1cld87c-MuiSvgIcon-root\"\u001b[39m\n              \u001b[33mdata-testid\u001b[39m=\u001b[32m\"VolumeUpIcon\"\u001b[39m\n              \u001b[33mfocusable\u001b[39m=\u001b[32m\"false\"\u001b[39m\n              \u001b[33mviewBox\u001b[39m=\u001b[32m\"0 0 24 24\"\u001b[39m\n            \u001b[36m>\u001b[39m\n              \u001b[36m<path\u001b[39m\n                \u001b[33md\u001b[39m=\u001b[32m\"M3 9v6h4l5 5V4L7 9zm13.5 3c0-1.77-1.02-3.29-2.5-4.03v8.05c1.48-.73 2.5-2.25 2.5-4.02M14 3.23v2.06c2.89.86 5 3.54 5 6.71s-2.11 5.85-5 6.71v2.06c4.01-.91 7-4.49 7-8.77s-2.99-7.86-7-8.77\"\u001b[39m\n              \u001b[36m/>\u001b[39m\n            \u001b[36m</svg>\u001b[39m\n            \u001b[0mVolume\u001b[0m\n          \u001b[36m</h6>\u001b[39m\n        \u001b[36m</div>\u001b[39m\n        \u001b[36m<div\u001b[39m\n          \u001b[33mclass\u001b[39m=\u001b[32m\"MuiBox-root css-1wn58un\"\u001b[39m\n        \u001b[36m>\u001b[39m\n          \u001b[36m<h3\u001b[39m\n            \u001b[33mclass\u001b[39m=\u001b[32m\"MuiTypography-root MuiTypography-h3 css-fcz69k-MuiTypography-root\"\u001b[39m\n          \u001b[36m>\u001b[39m\n            \u001b[0m45\u001b[0m\n          \u001b[36m</h3>\u001b[39m\n          \u001b[36m<p\u001b[39m\n            \u001b[33mclass\u001b[39m=\u001b[32m\"MuiTypography-root MuiTypography-body2 css-1onme8s-MuiTypography-root\"\u001b[39m\n          \u001b[36m>\u001b[39m\n            \u001b[0m(\u001b[0m\n            \u001b[0m60\u001b[0m\n            \u001b[0m%)\u001b[0m\n          \u001b[36m</p>\u001b[39m\n        \u001b[36m</div>\u001b[39m\n        \u001b[36m<div\u001b[39m\n          \u001b[33mclass\u001b[39m=\u001b[32m\"MuiBox-root css-1ydwyl7\"\u001b[39m\n        \u001b[36m>\u001b[39m\n          \u001b[36m<button\u001b[39m\n            \u001b[33mclass\u001b[39m=\u001b[32m\"MuiButtonBase-root MuiIconButton-root MuiIconButton-sizeSmall css-1lso2qg-MuiButtonBase-root-MuiIconButton-root\"\u001b[39m\n            \u001b[33mtabindex\u001b[39m=\u001b[32m\"0\"\u001b[39m\n            \u001b[33mtype\u001b[39m=\u001b[32m\"button\"\u001b[39m\n          \u001b[36m>\u001b[39m\n            \u001b[36m<svg\u001b[39m\n              \u001b[33maria-hidden\u001b[39m=\u001b[32m\"true\"\u001b[39m\n              \u001b[33mclass\u001b[39m=\u001b[32m\"MuiSvgIcon-root MuiSvgIcon-fontSizeMedium css-1umw9bq-MuiSvgIcon-root\"\u001b[39m\n              \u001b[33mdata-testid\u001b[39m=\u001b[32m\"VolumeDownIcon\"\u001b[39m\n              \u001b[33mfocusable\u001b[39m=\u001b[32m\"false\"\u001b[39m\n              \u001b[33mviewBox\u001b[39m=\u001b[32m\"0 0 24 24\"\u001b[39m\n            \u001b[36m>\u001b[39m\n              \u001b[36m<path\u001b[39m\n                \u001b[33md\u001b[39m=\u001b[32m\"M18.5 12c0-1.77-1.02-3.29-2.5-4.03v8.05c1.48-.73 2.5-2.25 2.5-4.02M5 9v6h4l5 5V4L9 9z\"\u001b[39m\n              \u001b[36m/>\u001b[39m\n            \u001b[36m</svg>\u001b[39m\n          \u001b[36m</button>\u001b[39m\n          \u001b[36m<div\u001b[39m\n            \u001b[33mclass\u001b[39m=\u001b[32m\"MuiBox-root css-1fl6pst\"\u001b[39m\n          \u001b[36m>\u001b[39m\n            \u001b[36m<span\u001b[39m\n              \u001b[33mclass\u001b[39m=\u001b[32m\"MuiSlider-root MuiSlider-colorPrimary MuiSlider-sizeMedium css-1td5owd-MuiSlider-root\"\u001b[39m\n            \u001b[36m>\u001b[39m\n              \u001b[36m<span\u001b[39m\n                \u001b[33mclass\u001b[39m=\u001b[32m\"MuiSlider-rail css-r64h58-MuiSlider-rail\"\u001b[39m\n              \u001b[36m/>\u001b[39m\n              \u001b[36m<span\u001b[39m\n                \u001b[33mclass\u001b[39m=\u001b[32m\"MuiSlider-track css-xvk2i-MuiSlider-track\"\u001b[39m\n                \u001b[33mstyle\u001b[39m=\u001b[32m\"left: 0%; width: 60%;\"\u001b[39m\n              \u001b[36m/>\u001b[39m\n              \u001b[36m<span\u001b[39m\n                \u001b[33mclass\u001b[39m=\u001b[32m\"MuiSlider-thumb MuiSlider-thumbSizeMedium MuiSlider-thumbColorPrimary MuiSlider-thumb MuiSlider-thumbSizeMedium MuiSlider-thumbColorPrimary css-lxzl70-MuiSlider-thumb\"\u001b[39m\n                \u001b[33mdata-index\u001b[39m=\u001b[32m\"0\"\u001b[39m\n                \u001b[33mstyle\u001b[39m=\u001b[32m\"left: 60%;\"\u001b[39m\n              \u001b[36m>\u001b[39m\n                \u001b[36m<input\u001b[39m\n                  \u001b[33maria-orientation\u001b[39m=\u001b[32m\"horizontal\"\u001b[39m\n                  \u001b[33maria-valuemax\u001b[39m=\u001b[32m\"75\"\u001b[39m\n                  \u001b[33maria-valuemin\u001b[39m=\u001b[32m\"0\"\u001b[39m\n                  \u001b[33maria-valuenow\u001b[39m=\u001b[32m\"45\"\u001b[39m\n                  \u001b[33mdata-index\u001b[39m=\u001b[32m\"0\"\u001b[39m\n                  \u001b[33mmax\u001b[39m=\u001b[32m\"75\"\u001b[39m\n                  \u001b[33mmin\u001b[39m=\u001b[32m\"0\"\u001b[39m\n                  \u001b[33mstep\u001b[39m=\u001b[32m\"1\"\u001b[39m\n                  \u001b[33mstyle\u001b[39m=\u001b[32m\"border: 0px; clip: rect(0px); height: 100%; margin: -1px; overflow: hidden; padding: 0px; position: absolute; white-space: nowrap; width: 100%; direction: ltr;\"\u001b[39m\n                  \u001b[33mtype\u001b[39m=\u001b[32m\"range\"\u001b[39m\n                  \u001b[33mvalue\u001b[39m=\u001b[32m\"45\"\u001b[39m\n                \u001b[36m/>\u001b[39m\n                \u001b[36m<span\u001b[39m\n                  \u001b[33maria-hidden\u001b[39m=\u001b[32m\"true\"\u001b[39m\n                  \u001b[33mclass\u001b[39m=\u001b[32m\"MuiSlider-valueLabel css-1dt998i-MuiSlider-valueLabel\"\u001b[39m\n                \u001b[36m>\u001b[39m\n                  \u001b[36m<span\u001b[39m\n                    \u001b[33mclass\u001b[39m=\u001b[32m\"MuiSlider-valueLabelCircle\"\u001b[39m\n                  \u001b[36m>\u001b[39m\n                    \u001b[36m<span\u001b[39m\n                      \u001b[33mclass\u001b[39m=\u001b[32m\"MuiSlider-valueLabelLabel\"\u001b[39m\n                    \u001b[36m>\u001b[39m\n                      \u001b[0m45\u001b[0m\n                    \u001b[36m</span>\u001b[39m\n                  \u001b[36m</span>\u001b[39m\n                \u001b[36m</span>\u001b[39m\n              \u001b[36m</span>\u001b[39m\n            \u001b[36m</span>\u001b[39m\n            \u001b[36m<div\u001b[39m\n              \u001b[33mclass\u001b[39m=\u001b[32m\"MuiBox-root css-b8a0p7\"\u001b[39m\n            \u001b[36m>\u001b[39m\n              \u001b[36m<span\u001b[39m\n                \u001b[33mclass\u001b[39m=\u001b[32m\"MuiTypography-root MuiTypography-caption css-1k0ic3y-MuiTypography-root\"\u001b[39m\n              \u001b[36m>\u001b[39m\n                \u001b[0m0\u001b[0m\n              \u001b[36m</span>\u001b[39m\n              \u001b[36m<span\u001b[39m\n                \u001b[33mclass\u001b[39m=\u001b[32m\"MuiTypography-root MuiTypography-caption css-1k0ic3y-MuiTypography-root\"\u001b[39m\n              \u001b[36m>\u001b[39m\n                \u001b[0m75\u001b[0m\n              \u001b[36m</span>\u001b[39m\n            \u001b[36m</div>\u001b[39m\n          \u001b[36m</div>\u001b[39m\n          \u001b[36m<button\u001b[39m\n            \u001b[33mclass\u001b[39m=\u001b[32m\"MuiButtonBase-root MuiIconButton-root MuiIconButton-sizeSmall css-1lso2qg-MuiButtonBase-root-MuiIconButton-root\"\u001b[39m\n            \u001b[33mtabindex\u001b[39m=\u001b[32m\"0\"\u001b[39m\n            \u001b[33mtype\u001b[39m=\u001b[32m\"button\"\u001b[39m\n          \u001b[36m>\u001b[39m\n            \u001b[36m<svg\u001b[39m\n              \u001b[33maria-hidden\u001b[39m=\u001b[32m\"true\"\u001b[39m\n              \u001b[33mclass\u001b[39m=\u001b[32m\"MuiSvgIcon-root MuiSvgIcon-fontSizeMedium css-1umw9bq-MuiSvgIcon-root\"\u001b[39m\n              \u001b[33mdata-testid\u001b[39m=\u001b[32m\"VolumeUpIcon\"\u001b[39m\n              \u001b[33mfocusable\u001b[39m=\u001b[32m\"false\"\u001b[39m\n              \u001b[33mviewBox\u001b[39m=\u001b[32m\"0 0 24 24\"\u001b[39m\n            \u001b[36m>\u001b[39m\n              \u001b[36m<path\u001b[39m\n                \u001b[33md\u001b[39m=\u001b[32m\"M3 9v6h4l5 5V4L7 9zm13.5 3c0-1.77-1.02-3.29-2.5-4.03v8.05c1.48-.73 2.5-2.25 2.5-4.02M14 3.23v2.06c2.89.86 5 3.54 5 6.71s-2.11 5.85-5 6.71v2.06c4.01-.91 7-4.49 7-8.77s-2.99-7.86-7-8.77\"\u001b[39m\n              \u001b[36m/>\u001b[39m\n            \u001b[36m</svg>\u001b[39m\n          \u001b[36m</button>\u001b[39m\n          \u001b[36m<button\u001b[39m\n            \u001b[33mclass\u001b[39m=\u001b[32m\"MuiButtonBase-root MuiIconButton-root MuiIconButton-sizeSmall css-obbtda-MuiButtonBase-root-MuiIconButton-root\"\u001b[39m\n            \u001b[33mtabindex\u001b[39m=\u001b[32m\"0\"\u001b[39m\n            \u001b[33mtype\u001b[39m=\u001b[32m\"button\"\u001b[39m\n          \u001b[36m>\u001b[39m\n            \u001b[36m<svg\u001b[39m\n              \u001b[33maria-hidden\u001b[39m=\u001b[32m\"true\"\u001b[39m\n              \u001b[33mclass\u001b[39m=\u001b[32m\"MuiSvgIcon-root MuiSvgIcon-fontSizeMedium css-1umw9bq-MuiSvgIcon-root\"\u001b[39m\n              \u001b[33mdata-testid\u001b[39m=\u001b[32m\"VolumeMuteIcon\"\u001b[39m\n              \u001b[33mfocusable\u001b[39m=\u001b[32m\"false\"\u001b[39m\n              \u001b[33mviewBox\u001b[39m=\u001b[32m\"0 0 24 24\"\u001b[39m\n            \u001b[36m>\u001b[39m\n              \u001b[36m<path\u001b[39m\n                \u001b[33md\u001b[39m=\u001b[32m\"M7 9v6h4l5 5V4l-5 5z\"\u001b[39m\n              \u001b[36m/>\u001b[39m\n            \u001b[36m</svg>\u001b[39m\n          \u001b[36m</button>\u001b[39m\n        \u001b[36m</div>\u001b[39m\n      \u001b[36m</div>\u001b[39m\n    \u001b[36m</div>\u001b[39m\n  \u001b[36m</div>\u001b[39m\n\u001b[36m</body>\u001b[39m\n    at Object.getElementError (C:\\dev\\av10-dashboard\\client\\node_modules\\@testing-library\\dom\\dist\\config.js:37:19)\n    at getElementError (C:\\dev\\av10-dashboard\\client\\node_modules\\@testing-library\\dom\\dist\\query-helpers.js:20:35)\n    at getMultipleElementsFoundError (C:\\dev\\av10-dashboard\\client\\node_modules\\@testing-library\\dom\\dist\\query-helpers.js:23:10)\n    at C:\\dev\\av10-dashboard\\client\\node_modules\\@testing-library\\dom\\dist\\query-helpers.js:55:13\n    at C:\\dev\\av10-dashboard\\client\\node_modules\\@testing-library\\dom\\dist\\query-helpers.js:95:19\n    at C:/dev/av10-dashboard/client/src/__tests__/components/VolumeCard.test.tsx:25:19\n    at file:///C:/dev/av10-dashboard/client/node_modules/@vitest/runner/dist/chunk-artifact.js:302:11\n    at file:///C:/dev/av10-dashboard/client/node_modules/@vitest/runner/dist/chunk-artifact.js:1893:26\n    at file:///C:/dev/av10-dashboard/client/node_modules/@vitest/runner/dist/chunk-artifact.js:2316:20\n    at new Promise (<anonymous>)"],"meta":{},"tags":[]},{"ancestorTitles":["VolumeCard"],"fullName":"VolumeCard should display percentage label","status":"passed","title":"should display percentage label","duration":14.471300000000156,"failureMessages":[],"meta":{},"tags":[]},{"ancestorTitles":["VolumeCard"],"fullName":"VolumeCard should show muted chip when muted","status":"passed","title":"should show muted chip when muted","duration":27.157400000000052,"failureMessages":[],"meta":{},"tags":[]},{"ancestorTitles":["VolumeCard"],"fullName":"VolumeCard should not show muted chip when not muted","status":"passed","title":"should not show muted chip when not muted","duration":15.072299999999814,"failureMessages":[],"meta":{},"tags":[]},{"ancestorTitles":["VolumeCard"],"fullName":"VolumeCard should call onVolumeUp when up button clicked","status":"passed","title":"should call onVolumeUp when up button clicked","duration":91.5024999999996,"failureMessages":[],"meta":{},"tags":[]},{"ancestorTitles":["VolumeCard"],"fullName":"VolumeCard should call onVolumeDown when down button clicked","status":"passed","title":"should call onVolumeDown when down button clicked","duration":30.957499999999982,"failureMessages":[],"meta":{},"tags":[]},{"ancestorTitles":["VolumeCard"],"fullName":"VolumeCard should call onToggleMute when mute button clicked","status":"passed","title":"should call onToggleMute when mute button clicked","duration":29.667399999999816,"failureMessages":[],"meta":{},"tags":[]},{"ancestorTitles":["VolumeCard"],"fullName":"VolumeCard should render the slider","status":"passed","title":"should render the slider","duration":29.822299999999814,"failureMessages":[],"meta":{},"tags":[]},{"ancestorTitles":["VolumeCard"],"fullName":"VolumeCard should show min and max labels for the slider","status":"passed","title":"should show min and max labels for the slider","duration":13.517699999999877,"failureMessages":[],"meta":{},"tags":[]},{"ancestorTitles":["VolumeCard"],"fullName":"VolumeCard should expose the current value through the slider tooltip label","status":"failed","title":"should expose the current value through the slider tooltip label","duration":26.1233000000002,"failureMessages":["Error: \u001b[2mexpect(\u001b[22m\u001b[31melement\u001b[39m\u001b[2m).toHaveAttribute(\u001b[22m\u001b[32m\u001b[32m\"aria-valuetext\"\u001b[32m\u001b[39m\u001b[2m, \u001b[22m\u001b[32m\u001b[32m\"45\"\u001b[32m\u001b[39m\u001b[2m) // element.getAttribute(\"aria-valuetext\") === \"45\"\u001b[22m\n\nExpected the element to have attribute:\n\u001b[32m  aria-valuetext=\"45\"\u001b[39m\nReceived:\n\u001b[31m  null\u001b[39m\n    at Proxy.expectWrapper (file:///C:/dev/av10-dashboard/client/node_modules/@vitest/expect/dist/index.js:1886:12)\n    at Proxy.<anonymous> (file:///C:/dev/av10-dashboard/client/node_modules/@vitest/expect/dist/index.js:1155:15)\n    at Proxy.methodWrapper (file:///C:/dev/av10-dashboard/client/node_modules/chai/index.js:1700:25)\n    at C:/dev/av10-dashboard/client/src/__tests__/components/VolumeCard.test.tsx:89:40\n    at file:///C:/dev/av10-dashboard/client/node_modules/@vitest/runner/dist/chunk-artifact.js:302:11\n    at file:///C:/dev/av10-dashboard/client/node_modules/@vitest/runner/dist/chunk-artifact.js:1893:26\n    at file:///C:/dev/av10-dashboard/client/node_modules/@vitest/runner/dist/chunk-artifact.js:2316:20\n    at new Promise (<anonymous>)\n    at runWithCancel (file:///C:/dev/av10-dashboard/client/node_modules/@vitest/runner/dist/chunk-artifact.js:2313:10)\n    at file:///C:/dev/av10-dashboard/client/node_modules/@vitest/runner/dist/chunk-artifact.js:2295:20"],"meta":{},"tags":[]},{"ancestorTitles":["VolumeCard"],"fullName":"VolumeCard should display different volumes correctly","status":"failed","title":"should display different volumes correctly","duration":13.536099999999806,"failureMessages":["TestingLibraryElementError: Found multiple elements with the text: 0\n\nHere are the matching elements:\n\nIgnored nodes: comments, script, style\n\u001b[36m<h3\u001b[39m\n  \u001b[33mclass\u001b[39m=\u001b[32m\"MuiTypography-root MuiTypography-h3 css-fcz69k-MuiTypography-root\"\u001b[39m\n\u001b[36m>\u001b[39m\n  \u001b[0m0\u001b[0m\n\u001b[36m</h3>\u001b[39m\n\nIgnored nodes: comments, script, style\n\u001b[36m<span\u001b[39m\n  \u001b[33mclass\u001b[39m=\u001b[32m\"MuiSlider-valueLabelLabel\"\u001b[39m\n\u001b[36m>\u001b[39m\n  \u001b[0m0\u001b[0m\n\u001b[36m</span>\u001b[39m\n\nIgnored nodes: comments, script, style\n\u001b[36m<span\u001b[39m\n  \u001b[33mclass\u001b[39m=\u001b[32m\"MuiTypography-root MuiTypography-caption css-1k0ic3y-MuiTypography-root\"\u001b[39m\n\u001b[36m>\u001b[39m\n  \u001b[0m0\u001b[0m\n\u001b[36m</span>\u001b[39m\n\n(If this is intentional, then use the `*AllBy*` variant of the query (like `queryAllByText`, `getAllByText`, or `findAllByText`)).\n\nIgnored nodes: comments, script, style\n\u001b[36m<body>\u001b[39m\n  \u001b[36m<div>\u001b[39m\n    \u001b[36m<div\u001b[39m\n      \u001b[33mclass\u001b[39m=\u001b[32m\"MuiPaper-root MuiPaper-elevation MuiPaper-rounded MuiPaper-elevation1 MuiCard-root css-g2g4q8-MuiPaper-root-MuiCard-root\"\u001b[39m\n      \u001b[33mstyle\u001b[39m=\u001b[32m\"--Paper-shadow: 0px 2px 1px -1px rgba(0,0,0,0.2),0px 1px 1px 0px rgba(0,0,0,0.14),0px 1px 3px 0px rgba(0,0,0,0.12); --Paper-overlay: linear-gradient(rgba(255, 255, 255, 0.051), rgba(255, 255, 255, 0.051));\"\u001b[39m\n    \u001b[36m>\u001b[39m\n      \u001b[36m<div\u001b[39m\n        \u001b[33mclass\u001b[39m=\u001b[32m\"MuiCardContent-root css-puupk7-MuiCardContent-root\"\u001b[39m\n      \u001b[36m>\u001b[39m\n        \u001b[36m<div\u001b[39m\n          \u001b[33mclass\u001b[39m=\u001b[32m\"MuiBox-root css-mbx0dj\"\u001b[39m\n        \u001b[36m>\u001b[39m\n          \u001b[36m<h6\u001b[39m\n            \u001b[33mclass\u001b[39m=\u001b[32m\"MuiTypography-root MuiTypography-h6 css-1gp87qs-MuiTypography-root\"\u001b[39m\n          \u001b[36m>\u001b[39m\n            \u001b[36m<svg\u001b[39m\n              \u001b[33maria-hidden\u001b[39m=\u001b[32m\"true\"\u001b[39m\n              \u001b[33mclass\u001b[39m=\u001b[32m\"MuiSvgIcon-root MuiSvgIcon-fontSizeMedium css-1cld87c-MuiSvgIcon-root\"\u001b[39m\n              \u001b[33mdata-testid\u001b[39m=\u001b[32m\"VolumeUpIcon\"\u001b[39m\n              \u001b[33mfocusable\u001b[39m=\u001b[32m\"false\"\u001b[39m\n              \u001b[33mviewBox\u001b[39m=\u001b[32m\"0 0 24 24\"\u001b[39m\n            \u001b[36m>\u001b[39m\n              \u001b[36m<path\u001b[39m\n                \u001b[33md\u001b[39m=\u001b[32m\"M3 9v6h4l5 5V4L7 9zm13.5 3c0-1.77-1.02-3.29-2.5-4.03v8.05c1.48-.73 2.5-2.25 2.5-4.02M14 3.23v2.06c2.89.86 5 3.54 5 6.71s-2.11 5.85-5 6.71v2.06c4.01-.91 7-4.49 7-8.77s-2.99-7.86-7-8.77\"\u001b[39m\n              \u001b[36m/>\u001b[39m\n            \u001b[36m</svg>\u001b[39m\n            \u001b[0mVolume\u001b[0m\n          \u001b[36m</h6>\u001b[39m\n        \u001b[36m</div>\u001b[39m\n        \u001b[36m<div\u001b[39m\n          \u001b[33mclass\u001b[39m=\u001b[32m\"MuiBox-root css-1wn58un\"\u001b[39m\n        \u001b[36m>\u001b[39m\n          \u001b[36m<h3\u001b[39m\n            \u001b[33mclass\u001b[39m=\u001b[32m\"MuiTypography-root MuiTypography-h3 css-fcz69k-MuiTypography-root\"\u001b[39m\n          \u001b[36m>\u001b[39m\n            \u001b[0m0\u001b[0m\n          \u001b[36m</h3>\u001b[39m\n          \u001b[36m<p\u001b[39m\n            \u001b[33mclass\u001b[39m=\u001b[32m\"MuiTypography-root MuiTypography-body2 css-1onme8s-MuiTypography-root\"\u001b[39m\n          \u001b[36m>\u001b[39m\n            \u001b[0m(\u001b[0m\n            \u001b[0m0\u001b[0m\n            \u001b[0m%)\u001b[0m\n          \u001b[36m</p>\u001b[39m\n        \u001b[36m</div>\u001b[39m\n        \u001b[36m<div\u001b[39m\n          \u001b[33mclass\u001b[39m=\u001b[32m\"MuiBox-root css-1ydwyl7\"\u001b[39m\n        \u001b[36m>\u001b[39m\n          \u001b[36m<button\u001b[39m\n            \u001b[33mclass\u001b[39m=\u001b[32m\"MuiButtonBase-root MuiIconButton-root MuiIconButton-sizeSmall css-1lso2qg-MuiButtonBase-root-MuiIconButton-root\"\u001b[39m\n            \u001b[33mtabindex\u001b[39m=\u001b[32m\"0\"\u001b[39m\n            \u001b[33mtype\u001b[39m=\u001b[32m\"button\"\u001b[39m\n          \u001b[36m>\u001b[39m\n            \u001b[36m<svg\u001b[39m\n              \u001b[33maria-hidden\u001b[39m=\u001b[32m\"true\"\u001b[39m\n              \u001b[33mclass\u001b[39m=\u001b[32m\"MuiSvgIcon-root MuiSvgIcon-fontSizeMedium css-1umw9bq-MuiSvgIcon-root\"\u001b[39m\n              \u001b[33mdata-testid\u001b[39m=\u001b[32m\"VolumeDownIcon\"\u001b[39m\n              \u001b[33mfocusable\u001b[39m=\u001b[32m\"false\"\u001b[39m\n              \u001b[33mviewBox\u001b[39m=\u001b[32m\"0 0 24 24\"\u001b[39m\n            \u001b[36m>\u001b[39m\n              \u001b[36m<path\u001b[39m\n                \u001b[33md\u001b[39m=\u001b[32m\"M18.5 12c0-1.77-1.02-3.29-2.5-4.03v8.05c1.48-.73 2.5-2.25 2.5-4.02M5 9v6h4l5 5V4L9 9z\"\u001b[39m\n              \u001b[36m/>\u001b[39m\n            \u001b[36m</svg>\u001b[39m\n          \u001b[36m</button>\u001b[39m\n          \u001b[36m<div\u001b[39m\n            \u001b[33mclass\u001b[39m=\u001b[32m\"MuiBox-root css-1fl6pst\"\u001b[39m\n          \u001b[36m>\u001b[39m\n            \u001b[36m<span\u001b[39m\n              \u001b[33mclass\u001b[39m=\u001b[32m\"MuiSlider-root MuiSlider-colorPrimary MuiSlider-sizeMedium css-1td5owd-MuiSlider-root\"\u001b[39m\n            \u001b[36m>\u001b[39m\n              \u001b[36m<span\u001b[39m\n                \u001b[33mclass\u001b[39m=\u001b[32m\"MuiSlider-rail css-r64h58-MuiSlider-rail\"\u001b[39m\n              \u001b[36m/>\u001b[39m\n              \u001b[36m<span\u001b[39m\n                \u001b[33mclass\u001b[39m=\u001b[32m\"MuiSlider-track css-xvk2i-MuiSlider-track\"\u001b[39m\n                \u001b[33mstyle\u001b[39m=\u001b[32m\"left: 0%; width: 0%;\"\u001b[39m\n              \u001b[36m/>\u001b[39m\n              \u001b[36m<span\u001b[39m\n                \u001b[33mclass\u001b[39m=\u001b[32m\"MuiSlider-thumb MuiSlider-thumbSizeMedium MuiSlider-thumbColorPrimary MuiSlider-thumb MuiSlider-thumbSizeMedium MuiSlider-thumbColorPrimary css-lxzl70-MuiSlider-thumb\"\u001b[39m\n                \u001b[33mdata-index\u001b[39m=\u001b[32m\"0\"\u001b[39m\n                \u001b[33mstyle\u001b[39m=\u001b[32m\"left: 0%;\"\u001b[39m\n              \u001b[36m>\u001b[39m\n                \u001b[36m<input\u001b[39m\n                  \u001b[33maria-orientation\u001b[39m=\u001b[32m\"horizontal\"\u001b[39m\n                  \u001b[33maria-valuemax\u001b[39m=\u001b[32m\"75\"\u001b[39m\n                  \u001b[33maria-valuemin\u001b[39m=\u001b[32m\"0\"\u001b[39m\n                  \u001b[33maria-valuenow\u001b[39m=\u001b[32m\"0\"\u001b[39m\n                  \u001b[33mdata-index\u001b[39m=\u001b[32m\"0\"\u001b[39m\n                  \u001b[33mmax\u001b[39m=\u001b[32m\"75\"\u001b[39m\n                  \u001b[33mmin\u001b[39m=\u001b[32m\"0\"\u001b[39m\n                  \u001b[33mstep\u001b[39m=\u001b[32m\"1\"\u001b[39m\n                  \u001b[33mstyle\u001b[39m=\u001b[32m\"border: 0px; clip: rect(0px); height: 100%; margin: -1px; overflow: hidden; padding: 0px; position: absolute; white-space: nowrap; width: 100%; direction: ltr;\"\u001b[39m\n                  \u001b[33mtype\u001b[39m=\u001b[32m\"range\"\u001b[39m\n                  \u001b[33mvalue\u001b[39m=\u001b[32m\"0\"\u001b[39m\n                \u001b[36m/>\u001b[39m\n                \u001b[36m<span\u001b[39m\n                  \u001b[33maria-hidden\u001b[39m=\u001b[32m\"true\"\u001b[39m\n                  \u001b[33mclass\u001b[39m=\u001b[32m\"MuiSlider-valueLabel css-1dt998i-MuiSlider-valueLabel\"\u001b[39m\n                \u001b[36m>\u001b[39m\n                  \u001b[36m<span\u001b[39m\n                    \u001b[33mclass\u001b[39m=\u001b[32m\"MuiSlider-valueLabelCircle\"\u001b[39m\n                  \u001b[36m>\u001b[39m\n                    \u001b[36m<span\u001b[39m\n                      \u001b[33mclass\u001b[39m=\u001b[32m\"MuiSlider-valueLabelLabel\"\u001b[39m\n                    \u001b[36m>\u001b[39m\n                      \u001b[0m0\u001b[0m\n                    \u001b[36m</span>\u001b[39m\n                  \u001b[36m</span>\u001b[39m\n                \u001b[36m</span>\u001b[39m\n              \u001b[36m</span>\u001b[39m\n            \u001b[36m</span>\u001b[39m\n            \u001b[36m<div\u001b[39m\n              \u001b[33mclass\u001b[39m=\u001b[32m\"MuiBox-root css-b8a0p7\"\u001b[39m\n            \u001b[36m>\u001b[39m\n              \u001b[36m<span\u001b[39m\n                \u001b[33mclass\u001b[39m=\u001b[32m\"MuiTypography-root MuiTypography-caption css-1k0ic3y-MuiTypography-root\"\u001b[39m\n              \u001b[36m>\u001b[39m\n                \u001b[0m0\u001b[0m\n              \u001b[36m</span>\u001b[39m\n              \u001b[36m<span\u001b[39m\n                \u001b[33mclass\u001b[39m=\u001b[32m\"MuiTypography-root MuiTypography-caption css-1k0ic3y-MuiTypography-root\"\u001b[39m\n              \u001b[36m>\u001b[39m\n                \u001b[0m75\u001b[0m\n              \u001b[36m</span>\u001b[39m\n            \u001b[36m</div>\u001b[39m\n          \u001b[36m</div>\u001b[39m\n          \u001b[36m<button\u001b[39m\n            \u001b[33mclass\u001b[39m=\u001b[32m\"MuiButtonBase-root MuiIconButton-root MuiIconButton-sizeSmall css-1lso2qg-MuiButtonBase-root-MuiIconButton-root\"\u001b[39m\n            \u001b[33mtabindex\u001b[39m=\u001b[32m\"0\"\u001b[39m\n            \u001b[33mtype\u001b[39m=\u001b[32m\"button\"\u001b[39m\n          \u001b[36m>\u001b[39m\n            \u001b[36m<svg\u001b[39m\n              \u001b[33maria-hidden\u001b[39m=\u001b[32m\"true\"\u001b[39m\n              \u001b[33mclass\u001b[39m=\u001b[32m\"MuiSvgIcon-root MuiSvgIcon-fontSizeMedium css-1umw9bq-MuiSvgIcon-root\"\u001b[39m\n              \u001b[33mdata-testid\u001b[39m=\u001b[32m\"VolumeUpIcon\"\u001b[39m\n              \u001b[33mfocusable\u001b[39m=\u001b[32m\"false\"\u001b[39m\n              \u001b[33mviewBox\u001b[39m=\u001b[32m\"0 0 24 24\"\u001b[39m\n            \u001b[36m>\u001b[39m\n              \u001b[36m<path\u001b[39m\n                \u001b[33md\u001b[39m=\u001b[32m\"M3 9v6h4l5 5V4L7 9zm13.5 3c0-1.77-1.02-3.29-2.5-4.03v8.05c1.48-.73 2.5-2.25 2.5-4.02M14 3.23v2.06c2.89.86 5 3.54 5 6.71s-2.11 5.85-5 6.71v2.06c4.01-.91 7-4.49 7-8.77s-2.99-7.86-7-8.77\"\u001b[39m\n              \u001b[36m/>\u001b[39m\n            \u001b[36m</svg>\u001b[39m\n          \u001b[36m</button>\u001b[39m\n          \u001b[36m<button\u001b[39m\n            \u001b[33mclass\u001b[39m=\u001b[32m\"MuiButtonBase-root MuiIconButton-root MuiIconButton-sizeSmall css-obbtda-MuiButtonBase-root-MuiIconButton-root\"\u001b[39m\n            \u001b[33mtabindex\u001b[39m=\u001b[32m\"0\"\u001b[39m\n            \u001b[33mtype\u001b[39m=\u001b[32m\"button\"\u001b[39m\n          \u001b[36m>\u001b[39m\n            \u001b[36m<svg\u001b[39m\n              \u001b[33maria-hidden\u001b[39m=\u001b[32m\"true\"\u001b[39m\n              \u001b[33mclass\u001b[39m=\u001b[32m\"MuiSvgIcon-root MuiSvgIcon-fontSizeMedium css-1umw9bq-MuiSvgIcon-root\"\u001b[39m\n              \u001b[33mdata-testid\u001b[39m=\u001b[32m\"VolumeMuteIcon\"\u001b[39m\n              \u001b[33mfocusable\u001b[39m=\u001b[32m\"false\"\u001b[39m\n              \u001b[33mviewBox\u001b[39m=\u001b[32m\"0 0 24 24\"\u001b[39m\n            \u001b[36m>\u001b[39m\n              \u001b[36m<path\u001b[39m\n                \u001b[33md\u001b[39m=\u001b[32m\"M7 9v6h4l5 5V4l-5 5z\"\u001b[39m\n              \u001b[36m/>\u001b[39m\n            \u001b[36m</svg>\u001b[39m\n          \u001b[36m</button>\u001b[39m\n        \u001b[36m</div>\u001b[39m\n      \u001b[36m</div>\u001b[39m\n    \u001b[36m</div>\u001b[39m\n  \u001b[36m</div>\u001b[39m\n\u001b[36m</body>\u001b[39m\n    at Object.getElementError (C:\\dev\\av10-dashboard\\client\\node_modules\\@testing-library\\dom\\dist\\config.js:37:19)\n    at getElementError (C:\\dev\\av10-dashboard\\client\\node_modules\\@testing-library\\dom\\dist\\query-helpers.js:20:35)\n    at getMultipleElementsFoundError (C:\\dev\\av10-dashboard\\client\\node_modules\\@testing-library\\dom\\dist\\query-helpers.js:23:10)\n    at C:\\dev\\av10-dashboard\\client\\node_modules\\@testing-library\\dom\\dist\\query-helpers.js:55:13\n    at C:\\dev\\av10-dashboard\\client\\node_modules\\@testing-library\\dom\\dist\\query-helpers.js:95:19\n    at C:/dev/av10-dashboard/client/src/__tests__/components/VolumeCard.test.tsx:96:19\n    at file:///C:/dev/av10-dashboard/client/node_modules/@vitest/runner/dist/chunk-artifact.js:302:11\n    at file:///C:/dev/av10-dashboard/client/node_modules/@vitest/runner/dist/chunk-artifact.js:1893:26\n    at file:///C:/dev/av10-dashboard/client/node_modules/@vitest/runner/dist/chunk-artifact.js:2316:20\n    at new Promise (<anonymous>)"],"meta":{},"tags":[]}],"startTime":1775610306287,"endTime":1775610306739.5361,"status":"failed","message":"","name":"C:/dev/av10-dashboard/client/src/__tests__/components/VolumeCard.test.tsx"}]}