{"numTotalTestSuites":2,"numPassedTestSuites":2,"numFailedTestSuites":0,"numPendingTestSuites":0,"numTotalTests":12,"numPassedTests":12,"numFailedTests":0,"numPendingTests":0,"numTodoTests":0,"snapshot":{"added":0,"failure":false,"filesAdded":0,"filesRemoved":0,"filesRemovedList":[],"filesUnmatched":0,"filesUpdated":0,"matched":0,"total":0,"unchecked":0,"uncheckedKeysByFile":[],"unmatched":0,"updated":0,"didUpdate":false},"startTime":1775610438663,"success":true,"testResults":[{"assertionResults":[{"ancestorTitles":["VolumeCard"],"fullName":"VolumeCard should render the title","status":"passed","title":"should render the title","duration":133.64399999999978,"failureMessages":[],"meta":{},"tags":[]},{"ancestorTitles":["VolumeCard"],"fullName":"VolumeCard should display the current volume","status":"passed","title":"should display the current volume","duration":17.424599999999828,"failureMessages":[],"meta":{},"tags":[]},{"ancestorTitles":["VolumeCard"],"fullName":"VolumeCard should display percentage label","status":"passed","title":"should display percentage label","duration":14.440800000000309,"failureMessages":[],"meta":{},"tags":[]},{"ancestorTitles":["VolumeCard"],"fullName":"VolumeCard should show muted chip when muted","status":"passed","title":"should show muted chip when muted","duration":26.128200000000106,"failureMessages":[],"meta":{},"tags":[]},{"ancestorTitles":["VolumeCard"],"fullName":"VolumeCard should not show muted chip when not muted","status":"passed","title":"should not show muted chip when not muted","duration":14.541799999999967,"failureMessages":[],"meta":{},"tags":[]},{"ancestorTitles":["VolumeCard"],"fullName":"VolumeCard should call onVolumeUp when up button clicked","status":"passed","title":"should call onVolumeUp when up button clicked","duration":89.77289999999994,"failureMessages":[],"meta":{},"tags":[]},{"ancestorTitles":["VolumeCard"],"fullName":"VolumeCard should call onVolumeDown when down button clicked","status":"passed","title":"should call onVolumeDown when down button clicked","duration":31.74220000000014,"failureMessages":[],"meta":{},"tags":[]},{"ancestorTitles":["VolumeCard"],"fullName":"VolumeCard should call onToggleMute when mute button clicked","status":"passed","title":"should call onToggleMute when mute button clicked","duration":29.13189999999986,"failureMessages":[],"meta":{},"tags":[]},{"ancestorTitles":["VolumeCard"],"fullName":"VolumeCard should render the slider","status":"passed","title":"should render the slider","duration":30.37920000000031,"failureMessages":[],"meta":{},"tags":[]},{"ancestorTitles":["VolumeCard"],"fullName":"VolumeCard should show min and max labels for the slider","status":"passed","title":"should show min and max labels for the slider","duration":13.71140000000014,"failureMessages":[],"meta":{},"tags":[]},{"ancestorTitles":["VolumeCard"],"fullName":"VolumeCard should expose the current value through the slider tooltip label","status":"passed","title":"should expose the current value through the slider tooltip label","duration":26.89220000000023,"failureMessages":[],"meta":{},"tags":[]},{"ancestorTitles":["VolumeCard"],"fullName":"VolumeCard should display different volumes correctly","status":"passed","title":"should display different volumes correctly","duration":13.620100000000093,"failureMessages":[],"meta":{},"tags":[]}],"startTime":1775610441056,"endTime":1775610441497.62,"status":"passed","message":"","name":"C:/dev/av10-dashboard/client/src/__tests__/components/VolumeCard.test.tsx"}]}